[main] INFO org.eclipse.jetty.util.log - Logging initialized @336ms to org.eclipse.jetty.util.log.Slf4jLog
launching
[main] INFO org.eclipse.jetty.server.Server - jetty-9.4.z-SNAPSHOT
[main] INFO org.eclipse.jetty.server.handler.ContextHandler - Started o.e.j.s.ServletContextHandler@5c530d1e{/,null,AVAILABLE}
[main] INFO org.eclipse.jetty.server.AbstractConnector - Started ServerConnector@249b1ccf{HTTP/1.1,[http/1.1]}{0.0.0.0:8080}
[main] INFO org.eclipse.jetty.server.Server - Started @1288ms
name
[qtp282432134-12] WARN org.eclipse.jetty.server.HttpChannel - /api/hello/name
javax.servlet.ServletException: org.glassfish.jersey.server.ContainerException: java.lang.NoClassDefFoundError: javax/xml/bind/annotation/XmlElement
	at org.glassfish.jersey.servlet.WebComponent.serviceImpl(WebComponent.java:432)
	at org.glassfish.jersey.servlet.WebComponent.service(WebComponent.java:370)
	at org.glassfish.jersey.servlet.ServletContainer.service(ServletContainer.java:389)
	at org.glassfish.jersey.servlet.ServletContainer.service(ServletContainer.java:342)
	at org.glassfish.jersey.servlet.ServletContainer.service(ServletContainer.java:229)
	at org.eclipse.jetty.servlet.ServletHolder.handle(ServletHolder.java:841)
	at org.eclipse.jetty.servlet.ServletHandler.doHandle(ServletHandler.java:535)
	at org.eclipse.jetty.server.handler.ScopedHandler.nextHandle(ScopedHandler.java:188)
	at org.eclipse.jetty.server.handler.ContextHandler.doHandle(ContextHandler.java:1253)
	at org.eclipse.jetty.server.handler.ScopedHandler.nextScope(ScopedHandler.java:168)
	at org.eclipse.jetty.servlet.ServletHandler.doScope(ServletHandler.java:473)
	at org.eclipse.jetty.server.handler.ScopedHandler.nextScope(ScopedHandler.java:166)
	at org.eclipse.jetty.server.handler.ContextHandler.doScope(ContextHandler.java:1155)
	at org.eclipse.jetty.server.handler.ScopedHandler.handle(ScopedHandler.java:141)
	at org.eclipse.jetty.server.handler.HandlerWrapper.handle(HandlerWrapper.java:132)
	at org.eclipse.jetty.server.Server.handle(Server.java:564)
	at org.eclipse.jetty.server.HttpChannel.handle(HttpChannel.java:317)
	at org.eclipse.jetty.server.HttpConnection.onFillable(HttpConnection.java:251)
	at org.eclipse.jetty.io.AbstractConnection$ReadCallback.succeeded(AbstractConnection.java:279)
	at org.eclipse.jetty.io.FillInterest.fillable(FillInterest.java:110)
	at org.eclipse.jetty.io.ChannelEndPoint$2.run(ChannelEndPoint.java:124)
	at org.eclipse.jetty.util.thread.Invocable.invokePreferred(Invocable.java:128)
	at org.eclipse.jetty.util.thread.Invocable$InvocableExecutor.invoke(Invocable.java:222)
	at org.eclipse.jetty.util.thread.strategy.EatWhatYouKill.doProduce(EatWhatYouKill.java:294)
	at org.eclipse.jetty.util.thread.strategy.EatWhatYouKill.produce(EatWhatYouKill.java:126)
	at org.eclipse.jetty.util.thread.QueuedThreadPool.runJob(QueuedThreadPool.java:673)
	at org.eclipse.jetty.util.thread.QueuedThreadPool$2.run(QueuedThreadPool.java:591)
	at java.base/java.lang.Thread.run(Thread.java:844)
Caused by: org.glassfish.jersey.server.ContainerException: java.lang.NoClassDefFoundError: javax/xml/bind/annotation/XmlElement
	at org.glassfish.jersey.servlet.internal.ResponseWriter.rethrow(ResponseWriter.java:278)
	at org.glassfish.jersey.servlet.internal.ResponseWriter.failure(ResponseWriter.java:260)
	at org.glassfish.jersey.server.ServerRuntime$Responder.process(ServerRuntime.java:460)
	at org.glassfish.jersey.server.ServerRuntime$1.run(ServerRuntime.java:285)
	at org.glassfish.jersey.internal.Errors$1.call(Errors.java:272)
	at org.glassfish.jersey.internal.Errors$1.call(Errors.java:268)
	at org.glassfish.jersey.internal.Errors.process(Errors.java:316)
	at org.glassfish.jersey.internal.Errors.process(Errors.java:298)
	at org.glassfish.jersey.internal.Errors.process(Errors.java:268)
	at org.glassfish.jersey.process.internal.RequestScope.runInScope(RequestScope.java:289)
	at org.glassfish.jersey.server.ServerRuntime.process(ServerRuntime.java:256)
	at org.glassfish.jersey.server.ApplicationHandler.handle(ApplicationHandler.java:703)
	at org.glassfish.jersey.servlet.WebComponent.serviceImpl(WebComponent.java:416)
	... 27 more
Caused by: java.lang.NoClassDefFoundError: javax/xml/bind/annotation/XmlElement
	at com.fasterxml.jackson.module.jaxb.JaxbAnnotationIntrospector.<init>(JaxbAnnotationIntrospector.java:139)
	at com.fasterxml.jackson.module.jaxb.JaxbAnnotationIntrospector.<init>(JaxbAnnotationIntrospector.java:126)
	at com.fasterxml.jackson.module.jaxb.JaxbAnnotationIntrospector.<init>(JaxbAnnotationIntrospector.java:118)
	at java.base/jdk.internal.reflect.NativeConstructorAccessorImpl.newInstance0(Native Method)
	at java.base/jdk.internal.reflect.NativeConstructorAccessorImpl.newInstance(NativeConstructorAccessorImpl.java:62)
	at java.base/jdk.internal.reflect.DelegatingConstructorAccessorImpl.newInstance(DelegatingConstructorAccessorImpl.java:45)
	at java.base/java.lang.reflect.Constructor.newInstance(Constructor.java:488)
	at java.base/java.lang.Class.newInstance(Class.java:560)
	at org.glassfish.jersey.jackson.internal.jackson.jaxrs.json.JsonMapperConfigurator._resolveIntrospector(JsonMapperConfigurator.java:113)
	at org.glassfish.jersey.jackson.internal.jackson.jaxrs.json.JsonMapperConfigurator._resolveIntrospectors(JsonMapperConfigurator.java:86)
	at org.glassfish.jersey.jackson.internal.jackson.jaxrs.cfg.MapperConfiguratorBase._setAnnotations(MapperConfiguratorBase.java:123)
	at org.glassfish.jersey.jackson.internal.jackson.jaxrs.json.JsonMapperConfigurator.getDefaultMapper(JsonMapperConfigurator.java:47)
	at org.glassfish.jersey.jackson.internal.jackson.jaxrs.base.ProviderBase.locateMapper(ProviderBase.java:955)
	at org.glassfish.jersey.jackson.internal.jackson.jaxrs.base.ProviderBase._endpointForWriting(ProviderBase.java:716)
	at org.glassfish.jersey.jackson.internal.jackson.jaxrs.base.ProviderBase.writeTo(ProviderBase.java:588)
	at org.glassfish.jersey.message.internal.WriterInterceptorExecutor$TerminalWriterInterceptor.invokeWriteTo(WriterInterceptorExecutor.java:266)
	at org.glassfish.jersey.message.internal.WriterInterceptorExecutor$TerminalWriterInterceptor.aroundWriteTo(WriterInterceptorExecutor.java:251)
	at org.glassfish.jersey.message.internal.WriterInterceptorExecutor.proceed(WriterInterceptorExecutor.java:163)
	at org.glassfish.jersey.server.internal.JsonWithPaddingInterceptor.aroundWriteTo(JsonWithPaddingInterceptor.java:109)
	at org.glassfish.jersey.message.internal.WriterInterceptorExecutor.proceed(WriterInterceptorExecutor.java:163)
	at org.glassfish.jersey.server.internal.MappableExceptionWrapperInterceptor.aroundWriteTo(MappableExceptionWrapperInterceptor.java:85)
	at org.glassfish.jersey.message.internal.WriterInterceptorExecutor.proceed(WriterInterceptorExecutor.java:163)
	at org.glassfish.jersey.message.internal.MessageBodyFactory.writeTo(MessageBodyFactory.java:1135)
	at org.glassfish.jersey.server.ServerRuntime$Responder.writeResponse(ServerRuntime.java:662)
	at org.glassfish.jersey.server.ServerRuntime$Responder.processResponse(ServerRuntime.java:395)
	at org.glassfish.jersey.server.ServerRuntime$Responder.process(ServerRuntime.java:385)
	at org.glassfish.jersey.server.ServerRuntime$1.run(ServerRuntime.java:280)
	... 36 more
Caused by: java.lang.ClassNotFoundException: javax.xml.bind.annotation.XmlElement
	at java.base/jdk.internal.loader.BuiltinClassLoader.loadClass(BuiltinClassLoader.java:582)
	at java.base/jdk.internal.loader.ClassLoaders$AppClassLoader.loadClass(ClassLoaders.java:190)
	at java.base/java.lang.ClassLoader.loadClass(ClassLoader.java:499)
	... 63 more
